0 verbose cli C:\Program Files\nodejs\node.exe C:\Program Files\nodejs\node_modules\npm\bin\npm-cli.js
1 info using npm@10.9.3
2 info using node@v22.19.0
3 silly config load:file:C:\Program Files\nodejs\node_modules\npm\npmrc
4 silly config load:file:C:\Users\dell\Pictures\JzRestAPI\.npmrc
5 silly config load:file:C:\Users\dell\.npmrc
6 silly config load:file:C:\Users\dell\AppData\Roaming\npm\etc\npmrc
7 verbose title npm view zencf version
8 verbose argv "view" "zencf" "version"
9 verbose logfile logs-max:10 dir:C:\Users\dell\Pictures\JzRestAPI\.npm-cache\_logs\2026-02-22T20_55_15_235Z-
10 verbose logfile C:\Users\dell\Pictures\JzRestAPI\.npm-cache\_logs\2026-02-22T20_55_15_235Z-debug-0.log
11 silly logfile done cleaning log files
12 http fetch GET 200 https://registry.npmjs.org/npm 802ms
13 http fetch GET 200 https://registry.npmjs.org/zencf 687ms (cache miss)
14 verbose cwd C:\Users\dell\Pictures\JzRestAPI
15 verbose os Windows_NT 10.0.26100
16 verbose node v22.19.0
17 verbose npm  v10.9.3
18 notice
18 notice New major version of npm available! 10.9.3 -> 11.10.1
18 notice Changelog: https://github.com/npm/cli/releases/tag/v11.10.1
18 notice To update run: npm install -g npm@11.10.1
18 notice  { force: true, [Symbol(proc-log.meta)]: true }
19 verbose exit 0
20 info ok
