0 verbose cli C:\Program Files\nodejs\node.exe C:\Program Files\nodejs\node_modules\npm\bin\npm-cli.js
1 info using npm@10.9.3
2 info using node@v22.19.0
3 silly config load:file:C:\Program Files\nodejs\node_modules\npm\npmrc
4 silly config load:file:C:\Users\dell\Pictures\JzRestAPI\.npmrc
5 silly config load:file:C:\Users\dell\.npmrc
6 silly config load:file:C:\Users\dell\AppData\Roaming\npm\etc\npmrc
7 verbose title npm i zencf@2.0.3
8 verbose argv "i" "zencf@2.0.3"
9 verbose logfile logs-max:10 dir:C:\Users\dell\Pictures\JzRestAPI\.npm-cache\_logs\2026-02-22T20_55_32_086Z-
10 verbose logfile C:\Users\dell\Pictures\JzRestAPI\.npm-cache\_logs\2026-02-22T20_55_32_086Z-debug-0.log
11 silly logfile done cleaning log files
12 silly packumentCache heap:2197815296 maxSize:549453824 maxEntrySize:274726912
13 silly idealTree buildDeps
14 silly fetch manifest zencf@2.0.3
15 silly packumentCache full:https://registry.npmjs.org/zencf cache-miss
16 http cache https://registry.npmjs.org/zencf 1233ms (cache hit)
17 silly packumentCache full:https://registry.npmjs.org/zencf set size:17561 disposed:false
18 silly placeDep ROOT zencf@2.0.3 OK for: jzrestapi@0.1.0 want: 2.0.3
19 silly fetch manifest node-fetch@^2.6.7
20 silly packumentCache full:https://registry.npmjs.org/node-fetch cache-miss
21 http fetch GET 200 https://registry.npmjs.org/node-fetch 1805ms (cache miss)
22 silly packumentCache full:https://registry.npmjs.org/node-fetch set size:undefined disposed:false
23 silly fetch manifest encoding@^0.1.0
24 silly packumentCache full:https://registry.npmjs.org/encoding cache-miss
25 http fetch GET 200 https://registry.npmjs.org/encoding 347ms (cache miss)
26 silly packumentCache full:https://registry.npmjs.org/encoding set size:undefined disposed:false
27 silly placeDep ROOT node-fetch@2.7.0 OK for: zencf@2.0.3 want: ^2.6.7
28 silly fetch manifest whatwg-url@^5.0.0
29 silly packumentCache full:https://registry.npmjs.org/whatwg-url cache-miss
30 http fetch GET 200 https://registry.npmjs.org/whatwg-url 1029ms (cache miss)
31 silly packumentCache full:https://registry.npmjs.org/whatwg-url set size:undefined disposed:false
32 silly placeDep ROOT whatwg-url@5.0.0 OK for: node-fetch@2.7.0 want: ^5.0.0
33 silly fetch manifest tr46@~0.0.3
34 silly packumentCache full:https://registry.npmjs.org/tr46 cache-miss
35 silly fetch manifest webidl-conversions@^3.0.0
36 silly packumentCache full:https://registry.npmjs.org/webidl-conversions cache-miss
37 http fetch GET 200 https://registry.npmjs.org/webidl-conversions 464ms (cache miss)
38 silly packumentCache full:https://registry.npmjs.org/webidl-conversions set size:undefined disposed:false
39 http fetch GET 200 https://registry.npmjs.org/tr46 883ms (cache miss)
40 silly packumentCache full:https://registry.npmjs.org/tr46 set size:undefined disposed:false
41 silly placeDep ROOT tr46@0.0.3 OK for: whatwg-url@5.0.0 want: ~0.0.3
42 silly placeDep ROOT webidl-conversions@3.0.1 OK for: whatwg-url@5.0.0 want: ^3.0.0
43 silly reify moves {}
44 verbose reify failed optional dependency C:\Users\dell\Pictures\JzRestAPI\node_modules\@tailwindcss\oxide-wasm32-wasi
45 silly reify mark deleted [
45 silly reify   'C:\\Users\\dell\\Pictures\\JzRestAPI\\node_modules\\@tailwindcss\\oxide-wasm32-wasi'
45 silly reify ]
46 silly audit bulk request {
46 silly audit   '@alloc/quick-lru': [ '5.2.0' ],
46 silly audit   '@auth/core': [ '0.41.0' ],
46 silly audit   '@babel/code-frame': [ '7.29.0' ],
46 silly audit   '@babel/compat-data': [ '7.29.0' ],
46 silly audit   '@babel/core': [ '7.29.0' ],
46 silly audit   '@babel/generator': [ '7.29.1' ],
46 silly audit   '@babel/helper-compilation-targets': [ '7.28.6' ],
46 silly audit   '@babel/helper-globals': [ '7.28.0' ],
46 silly audit   '@babel/helper-module-imports': [ '7.28.6' ],
46 silly audit   '@babel/helper-module-transforms': [ '7.28.6' ],
46 silly audit   '@babel/helper-string-parser': [ '7.27.1' ],
46 silly audit   '@babel/helper-validator-identifier': [ '7.28.5' ],
46 silly audit   '@babel/helper-validator-option': [ '7.27.1' ],
46 silly audit   '@babel/helpers': [ '7.28.6' ],
46 silly audit   '@babel/parser': [ '7.29.0' ],
46 silly audit   '@babel/template': [ '7.28.6' ],
46 silly audit   '@babel/traverse': [ '7.29.0' ],
46 silly audit   '@babel/types': [ '7.29.0' ],
46 silly audit   '@emnapi/core': [ '1.8.1' ],
46 silly audit   '@emnapi/runtime': [ '1.8.1' ],
46 silly audit   '@emnapi/wasi-threads': [ '1.1.0' ],
46 silly audit   '@eslint-community/eslint-utils': [ '4.9.1' ],
46 silly audit   'eslint-visitor-keys': [ '3.4.3', '5.0.1', '4.2.1' ],
46 silly audit   '@eslint-community/regexpp': [ '4.12.2' ],
46 silly audit   '@eslint/config-array': [ '0.21.1' ],
46 silly audit   '@eslint/config-helpers': [ '0.4.2' ],
46 silly audit   '@eslint/core': [ '0.17.0' ],
46 silly audit   '@eslint/eslintrc': [ '3.3.3' ],
46 silly audit   '@eslint/js': [ '9.39.3' ],
46 silly audit   '@eslint/object-schema': [ '2.1.7' ],
46 silly audit   '@eslint/plugin-kit': [ '0.4.1' ],
46 silly audit   '@humanfs/core': [ '0.19.1' ],
46 silly audit   '@humanfs/node': [ '0.16.7' ],
46 silly audit   '@humanwhocodes/module-importer': [ '1.0.1' ],
46 silly audit   '@humanwhocodes/retry': [ '0.4.3' ],
46 silly audit   '@img/colour': [ '1.0.0' ],
46 silly audit   '@img/sharp-darwin-arm64': [ '0.34.5' ],
46 silly audit   '@img/sharp-darwin-x64': [ '0.34.5' ],
46 silly audit   '@img/sharp-libvips-darwin-arm64': [ '1.2.4' ],
46 silly audit   '@img/sharp-libvips-darwin-x64': [ '1.2.4' ],
46 silly audit   '@img/sharp-libvips-linux-arm': [ '1.2.4' ],
46 silly audit   '@img/sharp-libvips-linux-arm64': [ '1.2.4' ],
46 silly audit   '@img/sharp-libvips-linux-ppc64': [ '1.2.4' ],
46 silly audit   '@img/sharp-libvips-linux-riscv64': [ '1.2.4' ],
46 silly audit   '@img/sharp-libvips-linux-s390x': [ '1.2.4' ],
46 silly audit   '@img/sharp-libvips-linux-x64': [ '1.2.4' ],
46 silly audit   '@img/sharp-libvips-linuxmusl-arm64': [ '1.2.4' ],
46 silly audit   '@img/sharp-libvips-linuxmusl-x64': [ '1.2.4' ],
46 silly audit   '@img/sharp-linux-arm': [ '0.34.5' ],
46 silly audit   '@img/sharp-linux-arm64': [ '0.34.5' ],
46 silly audit   '@img/sharp-linux-ppc64': [ '0.34.5' ],
46 silly audit   '@img/sharp-linux-riscv64': [ '0.34.5' ],
46 silly audit   '@img/sharp-linux-s390x': [ '0.34.5' ],
46 silly audit   '@img/sharp-linux-x64': [ '0.34.5' ],
46 silly audit   '@img/sharp-linuxmusl-arm64': [ '0.34.5' ],
46 silly audit   '@img/sharp-linuxmusl-x64': [ '0.34.5' ],
46 silly audit   '@img/sharp-wasm32': [ '0.34.5' ],
46 silly audit   '@img/sharp-win32-arm64': [ '0.34.5' ],
46 silly audit   '@img/sharp-win32-ia32': [ '0.34.5' ],
46 silly audit   '@img/sharp-win32-x64': [ '0.34.5' ],
46 silly audit   '@jridgewell/gen-mapping': [ '0.3.13' ],
46 silly audit   '@jridgewell/remapping': [ '2.3.5' ],
46 silly audit   '@jridgewell/resolve-uri': [ '3.1.2' ],
46 silly audit   '@jridgewell/sourcemap-codec': [ '1.5.5' ],
46 silly audit   '@jridgewell/trace-mapping': [ '0.3.31' ],
46 silly audit   '@napi-rs/wasm-runtime': [ '0.2.12' ],
46 silly audit   '@next/env': [ '16.1.6' ],
46 silly audit   '@next/eslint-plugin-next': [ '16.1.6' ],
46 silly audit   '@next/swc-darwin-arm64': [ '16.1.6' ],
46 silly audit   '@next/swc-darwin-x64': [ '16.1.6' ],
46 silly audit   '@next/swc-linux-arm64-gnu': [ '16.1.6' ],
46 silly audit   '@next/swc-linux-arm64-musl': [ '16.1.6' ],
46 silly audit   '@next/swc-linux-x64-gnu': [ '16.1.6' ],
46 silly audit   '@next/swc-linux-x64-musl': [ '16.1.6' ],
46 silly audit   '@next/swc-win32-arm64-msvc': [ '16.1.6' ],
46 silly audit   '@next/swc-win32-x64-msvc': [ '16.1.6' ],
46 silly audit   '@nodelib/fs.scandir': [ '2.1.5' ],
46 silly audit   '@nodelib/fs.stat': [ '2.0.5' ],
46 silly audit   '@nodelib/fs.walk': [ '1.2.8' ],
46 silly audit   '@nolyfill/is-core-module': [ '1.0.39' ],
46 silly audit   '@panva/hkdf': [ '1.2.1' ],
46 silly audit   '@prisma/client': [ '6.19.2' ],
46 silly audit   '@prisma/config': [ '6.19.2' ],
46 silly audit   '@prisma/debug': [ '6.19.2' ],
46 silly audit   '@prisma/engines': [ '6.19.2' ],
46 silly audit   '@prisma/engines-version': [ '7.1.1-3.c2990dca591cba766e3b7ef5d9e8a84796e47ab7' ],
46 silly audit   '@prisma/fetch-engine': [ '6.19.2' ],
46 silly audit   '@prisma/get-platform': [ '6.19.2' ],
46 silly audit   '@rtsao/scc': [ '1.1.0' ],
46 silly audit   '@standard-schema/spec': [ '1.1.0' ],
46 silly audit   '@swc/helpers': [ '0.5.15' ],
46 silly audit   '@tailwindcss/node': [ '4.2.0' ],
46 silly audit   '@tailwindcss/oxide': [ '4.2.0' ],
46 silly audit   '@tailwindcss/oxide-android-arm64': [ '4.2.0' ],
46 silly audit   '@tailwindcss/oxide-darwin-arm64': [ '4.2.0' ],
46 silly audit   '@tailwindcss/oxide-darwin-x64': [ '4.2.0' ],
46 silly audit   '@tailwindcss/oxide-freebsd-x64': [ '4.2.0' ],
46 silly audit   '@tailwindcss/oxide-linux-arm-gnueabihf': [ '4.2.0' ],
46 silly audit   '@tailwindcss/oxide-linux-arm64-gnu': [ '4.2.0' ],
46 silly audit   '@tailwindcss/oxide-linux-arm64-musl': [ '4.2.0' ],
46 silly audit   '@tailwindcss/oxide-linux-x64-gnu': [ '4.2.0' ],
46 silly audit   '@tailwindcss/oxide-linux-x64-musl': [ '4.2.0' ],
46 silly audit   '@tailwindcss/oxide-win32-arm64-msvc': [ '4.2.0' ],
46 silly audit   '@tailwindcss/oxide-win32-x64-msvc': [ '4.2.0' ],
46 silly audit   '@tailwindcss/postcss': [ '4.2.0' ],
46 silly audit   '@tybys/wasm-util': [ '0.10.1' ],
46 silly audit   '@types/estree': [ '1.0.8' ],
46 silly audit   '@types/json-schema': [ '7.0.15' ],
46 silly audit   '@types/json5': [ '0.0.29' ],
46 silly audit   '@types/node': [ '20.19.33' ],
46 silly audit   '@types/react': [ '19.2.14' ],
46 silly audit   '@types/react-dom': [ '19.2.3' ],
46 silly audit   '@typescript-eslint/eslint-plugin': [ '8.56.0' ],
46 silly audit   ignore: [ '7.0.5', '5.3.2' ],
46 silly audit   '@typescript-eslint/parser': [ '8.56.0' ],
46 silly audit   '@typescript-eslint/project-service': [ '8.56.0' ],
46 silly audit   '@typescript-eslint/scope-manager': [ '8.56.0' ],
46 silly audit   '@typescript-eslint/tsconfig-utils': [ '8.56.0' ],
46 silly audit   '@typescript-eslint/type-utils': [ '8.56.0' ],
46 silly audit   '@typescript-eslint/types': [ '8.56.0' ],
46 silly audit   '@typescript-eslint/typescript-estree': [ '8.56.0' ],
46 silly audit   'balanced-match': [ '4.0.3', '1.0.2' ],
46 silly audit   'brace-expansion': [ '5.0.2', '1.1.12' ],
46 silly audit   minimatch: [ '9.0.6', '3.1.3' ],
46 silly audit   semver: [ '7.7.4', '6.3.1' ],
46 silly audit   '@typescript-eslint/utils': [ '8.56.0' ],
46 silly audit   '@typescript-eslint/visitor-keys': [ '8.56.0' ],
46 silly audit   '@unrs/resolver-binding-android-arm-eabi': [ '1.11.1' ],
46 silly audit   '@unrs/resolver-binding-android-arm64': [ '1.11.1' ],
46 silly audit   '@unrs/resolver-binding-darwin-arm64': [ '1.11.1' ],
46 silly audit   '@unrs/resolver-binding-darwin-x64': [ '1.11.1' ],
46 silly audit   '@unrs/resolver-binding-freebsd-x64': [ '1.11.1' ],
46 silly audit   '@unrs/resolver-binding-linux-arm-gnueabihf': [ '1.11.1' ],
46 silly audit   '@unrs/resolver-binding-linux-arm-musleabihf': [ '1.11.1' ],
46 silly audit   '@unrs/resolver-binding-linux-arm64-gnu': [ '1.11.1' ],
46 silly audit   '@unrs/resolver-binding-linux-arm64-musl': [ '1.11.1' ],
46 silly audit   '@unrs/resolver-binding-linux-ppc64-gnu': [ '1.11.1' ],
46 silly audit   '@unrs/resolver-binding-linux-riscv64-gnu': [ '1.11.1' ],
46 silly audit   '@unrs/resolver-binding-linux-riscv64-musl': [ '1.11.1' ],
46 silly audit   '@unrs/resolver-binding-linux-s390x-gnu': [ '1.11.1' ],
46 silly audit   '@unrs/resolver-binding-linux-x64-gnu': [ '1.11.1' ],
46 silly audit   '@unrs/resolver-binding-linux-x64-musl': [ '1.11.1' ],
46 silly audit   '@unrs/resolver-binding-wasm32-wasi': [ '1.11.1' ],
46 silly audit   '@unrs/resolver-binding-win32-arm64-msvc': [ '1.11.1' ],
46 silly audit   '@unrs/resolver-binding-win32-ia32-msvc': [ '1.11.1' ],
46 silly audit   '@unrs/resolver-binding-win32-x64-msvc': [ '1.11.1' ],
46 silly audit   acorn: [ '8.16.0' ],
46 silly audit   'acorn-jsx': [ '5.3.2' ],
46 silly audit   ajv: [ '6.14.0' ],
46 silly audit   'ansi-styles': [ '4.3.0' ],
46 silly audit   argparse: [ '2.0.1' ],
46 silly audit   'aria-query': [ '5.3.2' ],
46 silly audit   'array-buffer-byte-length': [ '1.0.2' ],
46 silly audit   'array-includes': [ '3.1.9' ],
46 silly audit   'array.prototype.findlast': [ '1.2.5' ],
46 silly audit   'array.prototype.findlastindex': [ '1.2.6' ],
46 silly audit   'array.prototype.flat': [ '1.3.3' ],
46 silly audit   'array.prototype.flatmap': [ '1.3.3' ],
46 silly audit   'array.prototype.tosorted': [ '1.1.4' ],
46 silly audit   'arraybuffer.prototype.slice': [ '1.0.4' ],
46 silly audit   asn1: [ '0.2.6' ],
46 silly audit   'assert-plus': [ '1.0.0' ],
46 silly audit   'ast-types-flow': [ '0.0.8' ],
46 silly audit   'async-function': [ '1.0.0' ],
46 silly audit   asynckit: [ '0.4.0' ],
46 silly audit   'available-typed-arrays': [ '1.0.7' ],
46 silly audit   'aws-sign2': [ '0.7.0' ],
46 silly audit   'aws-ssl-profiles': [ '1.1.2' ],
46 silly audit   aws4: [ '1.13.2' ],
46 silly audit   'axe-core': [ '4.11.1' ],
46 silly audit   axios: [ '1.13.5' ],
46 silly audit   'axobject-query': [ '4.1.0' ],
46 silly audit   'base64-js': [ '1.5.1' ],
46 silly audit   'baseline-browser-mapping': [ '2.10.0' ],
46 silly audit   'bcrypt-pbkdf': [ '1.0.2' ],
46 silly audit   bcryptjs: [ '3.0.3' ],
46 silly audit   bluebird: [ '3.7.2' ],
46 silly audit   boolbase: [ '1.0.0' ],
46 silly audit   braces: [ '3.0.3' ],
46 silly audit   brotli: [ '1.3.3' ],
46 silly audit   browserslist: [ '4.28.1' ],
46 silly audit   c12: [ '3.1.0' ],
46 silly audit   'call-bind': [ '1.0.8' ],
46 silly audit   'call-bind-apply-helpers': [ '1.0.2' ],
46 silly audit   'call-bound': [ '1.0.4' ],
46 silly audit   callsites: [ '3.1.0' ],
46 silly audit   'caniuse-lite': [ '1.0.30001772' ],
46 silly audit   caseless: [ '0.12.0' ],
46 silly audit   chalk: [ '4.1.2' ],
46 silly audit   cheerio: [ '1.2.0' ],
46 silly audit   'cheerio-select': [ '2.1.0' ],
46 silly audit   chokidar: [ '4.0.3' ],
46 silly audit   citty: [ '0.1.6', '0.2.1' ],
46 silly audit   'client-only': [ '0.0.1' ],
46 silly audit   cloudscraper: [ '4.6.0' ],
46 silly audit   'color-convert': [ '2.0.1' ],
46 silly audit   'color-name': [ '1.1.4' ],
46 silly audit   'combined-stream': [ '1.0.8' ],
46 silly audit   'concat-map': [ '0.0.1' ],
46 silly audit   confbox: [ '0.2.4' ],
46 silly audit   consola: [ '3.4.2' ],
46 silly audit   'convert-source-map': [ '2.0.0' ],
46 silly audit   'core-util-is': [ '1.0.2' ],
46 silly audit   'cross-spawn': [ '7.0.6' ],
46 silly audit   'css-select': [ '5.2.2' ],
46 silly audit   'css-what': [ '6.2.2' ],
46 silly audit   csstype: [ '3.2.3' ],
46 silly audit   'damerau-levenshtein': [ '1.0.8' ],
46 silly audit   dashdash: [ '1.14.1' ],
46 silly audit   'data-view-buffer': [ '1.0.2' ],
46 silly audit   'data-view-byte-length': [ '1.0.2' ],
46 silly audit   'data-view-byte-offset': [ '1.0.1' ],
46 silly audit   debug: [ '4.4.3', '3.2.7' ],
46 silly audit   'deep-is': [ '0.1.4' ],
46 silly audit   'deepmerge-ts': [ '7.1.5' ],
46 silly audit   'define-data-property': [ '1.1.4' ],
46 silly audit   'define-properties': [ '1.2.1' ],
46 silly audit   defu: [ '6.1.4' ],
46 silly audit   'delayed-stream': [ '1.0.0' ],
46 silly audit   denque: [ '2.1.0' ],
46 silly audit   destr: [ '2.0.5' ],
46 silly audit   'detect-libc': [ '2.1.2' ],
46 silly audit   doctrine: [ '2.1.0' ],
46 silly audit   'dom-serializer': [ '2.0.0' ],
46 silly audit   domelementtype: [ '2.3.0' ],
46 silly audit   domhandler: [ '5.0.3' ],
46 silly audit   domutils: [ '3.2.2' ],
46 silly audit   dotenv: [ '16.6.1' ],
46 silly audit   'dunder-proto': [ '1.0.1' ],
46 silly audit   'ecc-jsbn': [ '0.1.2' ],
46 silly audit   effect: [ '3.18.4' ],
46 silly audit   'electron-to-chromium': [ '1.5.302' ],
46 silly audit   'emoji-regex': [ '9.2.2' ],
46 silly audit   empathic: [ '2.0.0' ],
46 silly audit   'encoding-sniffer': [ '0.2.1' ],
46 silly audit   'iconv-lite': [ '0.6.3', '0.7.2' ],
46 silly audit   'enhanced-resolve': [ '5.19.0' ],
46 silly audit   entities: [ '4.5.0', '7.0.1', '6.0.1' ],
46 silly audit   'es-abstract': [ '1.24.1' ],
46 silly audit   'es-define-property': [ '1.0.1' ],
46 silly audit   'es-errors': [ '1.3.0' ],
46 silly audit   'es-iterator-helpers': [ '1.2.2' ],
46 silly audit   'es-object-atoms': [ '1.1.1' ],
46 silly audit   'es-set-tostringtag': [ '2.1.0' ],
46 silly audit   'es-shim-unscopables': [ '1.1.0' ],
46 silly audit   'es-to-primitive': [ '1.3.0' ],
46 silly audit   escalade: [ '3.2.0' ],
46 silly audit   'escape-string-regexp': [ '4.0.0' ],
46 silly audit   eslint: [ '9.39.3' ],
46 silly audit   'eslint-config-next': [ '16.1.6' ],
46 silly audit   globals: [ '16.4.0', '14.0.0' ],
46 silly audit   'eslint-import-resolver-node': [ '0.3.9' ],
46 silly audit   'eslint-import-resolver-typescript': [ '3.10.1' ],
46 silly audit   'eslint-module-utils': [ '2.12.1' ],
46 silly audit   'eslint-plugin-import': [ '2.32.0' ],
46 silly audit   'eslint-plugin-jsx-a11y': [ '6.10.2' ],
46 silly audit   'eslint-plugin-react': [ '7.37.5' ],
46 silly audit   'eslint-plugin-react-hooks': [ '7.0.1' ],
46 silly audit   resolve: [ '2.0.0-next.6', '1.22.11' ],
46 silly audit   'eslint-scope': [ '8.4.0' ],
46 silly audit   espree: [ '10.4.0' ],
46 silly audit   esquery: [ '1.7.0' ],
46 silly audit   esrecurse: [ '4.3.0' ],
46 silly audit   estraverse: [ '5.3.0' ],
46 silly audit   esutils: [ '2.0.3' ],
46 silly audit   exsolve: [ '1.0.8' ],
46 silly audit   extend: [ '3.0.2' ],
46 silly audit   extsprintf: [ '1.3.0' ],
46 silly audit   'fast-check': [ '3.23.2' ],
46 silly audit   'fast-deep-equal': [ '3.1.3' ],
46 silly audit   'fast-glob': [ '3.3.1' ],
46 silly audit   'glob-parent': [ '5.1.2', '6.0.2' ],
46 silly audit   'fast-json-stable-stringify': [ '2.1.0' ],
46 silly audit   'fast-levenshtein': [ '2.0.6' ],
46 silly audit   fastq: [ '1.20.1' ],
46 silly audit   'file-entry-cache': [ '8.0.0' ],
46 silly audit   'fill-range': [ '7.1.1' ],
46 silly audit   'find-up': [ '5.0.0' ],
46 silly audit   'flat-cache': [ '4.0.1' ],
46 silly audit   flatted: [ '3.3.3' ],
46 silly audit   'follow-redirects': [ '1.15.11' ],
46 silly audit   'for-each': [ '0.3.5' ],
46 silly audit   'forever-agent': [ '0.6.1' ],
46 silly audit   'form-data': [ '4.0.5', '2.3.3' ],
46 silly audit   'function-bind': [ '1.1.2' ],
46 silly audit   'function.prototype.name': [ '1.1.8' ],
46 silly audit   'functions-have-names': [ '1.2.3' ],
46 silly audit   'generate-function': [ '2.3.1' ],
46 silly audit   'generator-function': [ '2.0.1' ],
46 silly audit   gensync: [ '1.0.0-beta.2' ],
46 silly audit   'get-intrinsic': [ '1.3.0' ],
46 silly audit   'get-proto': [ '1.0.1' ],
46 silly audit   'get-symbol-description': [ '1.1.0' ],
46 silly audit   'get-tsconfig': [ '4.13.6' ],
46 silly audit   getpass: [ '0.1.7' ],
46 silly audit   giget: [ '2.0.0' ],
46 silly audit   globalthis: [ '1.0.4' ],
46 silly audit   gopd: [ '1.2.0' ],
46 silly audit   'graceful-fs': [ '4.2.11' ],
46 silly audit   'har-schema': [ '2.0.0' ],
46 silly audit   'har-validator': [ '5.1.5' ],
46 silly audit   'has-bigints': [ '1.1.0' ],
46 silly audit   'has-flag': [ '4.0.0' ],
46 silly audit   'has-property-descriptors': [ '1.0.2' ],
46 silly audit   'has-proto': [ '1.2.0' ],
46 silly audit   'has-symbols': [ '1.1.0' ],
46 silly audit   'has-tostringtag': [ '1.0.2' ],
46 silly audit   hasown: [ '2.0.2' ],
46 silly audit   'hermes-estree': [ '0.25.1' ],
46 silly audit   'hermes-parser': [ '0.25.1' ],
46 silly audit   htmlparser2: [ '10.1.0' ],
46 silly audit   'http-signature': [ '1.2.0' ],
46 silly audit   'import-fresh': [ '3.3.1' ],
46 silly audit   imurmurhash: [ '0.1.4' ],
46 silly audit   'internal-slot': [ '1.1.0' ],
46 silly audit   'is-array-buffer': [ '3.0.5' ],
46 silly audit   'is-async-function': [ '2.1.1' ],
46 silly audit   'is-bigint': [ '1.1.0' ],
46 silly audit   'is-boolean-object': [ '1.2.2' ],
46 silly audit   'is-bun-module': [ '2.0.0' ],
46 silly audit   'is-callable': [ '1.2.7' ],
46 silly audit   'is-core-module': [ '2.16.1' ],
46 silly audit   'is-data-view': [ '1.0.2' ],
46 silly audit   'is-date-object': [ '1.1.0' ],
46 silly audit   'is-extglob': [ '2.1.1' ],
46 silly audit   'is-finalizationregistry': [ '1.1.1' ],
46 silly audit   'is-generator-function': [ '1.1.2' ],
46 silly audit   'is-glob': [ '4.0.3' ],
46 silly audit   'is-map': [ '2.0.3' ],
46 silly audit   'is-negative-zero': [ '2.0.3' ],
46 silly audit   'is-number': [ '7.0.0' ],
46 silly audit   'is-number-object': [ '1.1.1' ],
46 silly audit   'is-property': [ '1.0.2' ],
46 silly audit   'is-regex': [ '1.2.1' ],
46 silly audit   'is-set': [ '2.0.3' ],
46 silly audit   'is-shared-array-buffer': [ '1.0.4' ],
46 silly audit   'is-string': [ '1.1.1' ],
46 silly audit   'is-symbol': [ '1.1.1' ],
46 silly audit   'is-typed-array': [ '1.1.15' ],
46 silly audit   'is-typedarray': [ '1.0.0' ],
46 silly audit   'is-weakmap': [ '2.0.2' ],
46 silly audit   'is-weakref': [ '1.1.1' ],
46 silly audit   'is-weakset': [ '2.0.4' ],
46 silly audit   isarray: [ '2.0.5' ],
46 silly audit   isexe: [ '2.0.0' ],
46 silly audit   isstream: [ '0.1.2' ],
46 silly audit   'iterator.prototype': [ '1.1.5' ],
46 silly audit   jiti: [ '2.6.1' ],
46 silly audit   jose: [ '6.1.3' ],
46 silly audit   'js-tokens': [ '4.0.0' ],
46 silly audit   'js-yaml': [ '4.1.1' ],
46 silly audit   jsbn: [ '0.1.1' ],
46 silly audit   jsesc: [ '3.1.0' ],
46 silly audit   'json-buffer': [ '3.0.1' ],
46 silly audit   'json-schema': [ '0.4.0' ],
46 silly audit   'json-schema-traverse': [ '0.4.1' ],
46 silly audit   'json-stable-stringify-without-jsonify': [ '1.0.1' ],
46 silly audit   'json-stringify-safe': [ '5.0.1' ],
46 silly audit   json5: [ '2.2.3', '1.0.2' ],
46 silly audit   jsprim: [ '1.4.2' ],
46 silly audit   'jsx-ast-utils': [ '3.3.5' ],
46 silly audit   keyv: [ '4.5.4' ],
46 silly audit   'language-subtag-registry': [ '0.3.23' ],
46 silly audit   'language-tags': [ '1.0.9' ],
46 silly audit   levn: [ '0.4.1' ],
46 silly audit   lightningcss: [ '1.31.1' ],
46 silly audit   'lightningcss-android-arm64': [ '1.31.1' ],
46 silly audit   'lightningcss-darwin-arm64': [ '1.31.1' ],
46 silly audit   'lightningcss-darwin-x64': [ '1.31.1' ],
46 silly audit   'lightningcss-freebsd-x64': [ '1.31.1' ],
46 silly audit   'lightningcss-linux-arm-gnueabihf': [ '1.31.1' ],
46 silly audit   'lightningcss-linux-arm64-gnu': [ '1.31.1' ],
46 silly audit   'lightningcss-linux-arm64-musl': [ '1.31.1' ],
46 silly audit   'lightningcss-linux-x64-gnu': [ '1.31.1' ],
46 silly audit   'lightningcss-linux-x64-musl': [ '1.31.1' ],
46 silly audit   'lightningcss-win32-arm64-msvc': [ '1.31.1' ],
46 silly audit   'lightningcss-win32-x64-msvc': [ '1.31.1' ],
46 silly audit   'locate-path': [ '6.0.0' ],
46 silly audit   lodash: [ '4.17.23' ],
46 silly audit   'lodash.merge': [ '4.6.2' ],
46 silly audit   long: [ '5.3.2' ],
46 silly audit   'loose-envify': [ '1.4.0' ],
46 silly audit   'lru-cache': [ '5.1.1' ],
46 silly audit   'lru.min': [ '1.1.4' ],
46 silly audit   'magic-string': [ '0.30.21' ],
46 silly audit   'math-intrinsics': [ '1.1.0' ],
46 silly audit   merge2: [ '1.4.1' ],
46 silly audit   micromatch: [ '4.0.8' ],
46 silly audit   'mime-db': [ '1.52.0' ],
46 silly audit   'mime-types': [ '2.1.35' ],
46 silly audit   minimist: [ '1.2.8' ],
46 silly audit   ms: [ '2.1.3' ],
46 silly audit   mysql2: [ '3.17.4' ],
46 silly audit   'named-placeholders': [ '1.1.6' ],
46 silly audit   nanoid: [ '3.3.11' ],
46 silly audit   'napi-postinstall': [ '0.3.4' ],
46 silly audit   'natural-compare': [ '1.4.0' ],
46 silly audit   next: [ '16.1.6' ],
46 silly audit   'next-auth': [ '5.0.0-beta.30' ],
46 silly audit   postcss: [ '8.4.31', '8.5.6' ],
46 silly audit   'node-exports-info': [ '1.6.0' ],
46 silly audit   'node-fetch-native': [ '1.6.7' ],
46 silly audit   'node-releases': [ '2.0.27' ],
46 silly audit   'nth-check': [ '2.1.1' ],
46 silly audit   nypm: [ '0.6.5' ],
46 silly audit   'oauth-sign': [ '0.9.0' ],
46 silly audit   oauth4webapi: [ '3.8.5' ],
46 silly audit   'object-assign': [ '4.1.1' ],
46 silly audit   'object-inspect': [ '1.13.4' ],
46 silly audit   'object-keys': [ '1.1.1' ],
46 silly audit   'object.assign': [ '4.1.7' ],
46 silly audit   'object.entries': [ '1.1.9' ],
46 silly audit   'object.fromentries': [ '2.0.8' ],
46 silly audit   'object.groupby': [ '1.0.3' ],
46 silly audit   'object.values': [ '1.2.1' ],
46 silly audit   ohash: [ '2.0.11' ],
46 silly audit   optionator: [ '0.9.4' ],
46 silly audit   'own-keys': [ '1.0.1' ],
46 silly audit   'p-limit': [ '3.1.0' ],
46 silly audit   'p-locate': [ '5.0.0' ],
46 silly audit   'parent-module': [ '1.0.1' ],
46 silly audit   parse5: [ '7.3.0' ],
46 silly audit   'parse5-htmlparser2-tree-adapter': [ '7.1.0' ],
46 silly audit   'parse5-parser-stream': [ '7.1.2' ],
46 silly audit   'path-exists': [ '4.0.0' ],
46 silly audit   'path-key': [ '3.1.1' ],
46 silly audit   'path-parse': [ '1.0.7' ],
46 silly audit   pathe: [ '2.0.3' ],
46 silly audit   'perfect-debounce': [ '1.0.0' ],
46 silly audit   'performance-now': [ '2.1.0' ],
46 silly audit   picocolors: [ '1.1.1' ],
46 silly audit   picomatch: [ '2.3.1', '4.0.3' ],
46 silly audit   'pkg-types': [ '2.3.0' ],
46 silly audit   'possible-typed-array-names': [ '1.1.0' ],
46 silly audit   preact: [ '10.24.3' ],
46 silly audit   'preact-render-to-string': [ '6.5.11' ],
46 silly audit   'prelude-ls': [ '1.2.1' ],
46 silly audit   prisma: [ '6.19.2' ],
46 silly audit   'prop-types': [ '15.8.1' ],
46 silly audit   'proxy-from-env': [ '1.1.0' ],
46 silly audit   psl: [ '1.15.0' ],
46 silly audit   punycode: [ '2.3.1' ],
46 silly audit   'pure-rand': [ '6.1.0' ],
46 silly audit   qs: [ '6.5.5' ],
46 silly audit   'queue-microtask': [ '1.2.3' ],
46 silly audit   rc9: [ '2.1.2' ],
46 silly audit   react: [ '19.2.3' ],
46 silly audit   'react-dom': [ '19.2.3' ],
46 silly audit   'react-icons': [ '5.5.0' ],
46 silly audit   'react-is': [ '16.13.1' ],
46 silly audit   readdirp: [ '4.1.2' ],
46 silly audit   'reflect.getprototypeof': [ '1.0.10' ],
46 silly audit   'regexp.prototype.flags': [ '1.5.4' ],
46 silly audit   request: [ '2.88.2' ],
46 silly audit   'request-promise': [ '4.2.6' ],
46 silly audit   'request-promise-core': [ '1.1.4' ],
46 silly audit   'resolve-from': [ '4.0.0' ],
46 silly audit   'resolve-pkg-maps': [ '1.0.0' ],
46 silly audit   reusify: [ '1.1.0' ],
46 silly audit   'run-parallel': [ '1.2.0' ],
46 silly audit   'safe-array-concat': [ '1.1.3' ],
46 silly audit   'safe-buffer': [ '5.2.1' ],
46 silly audit   'safe-push-apply': [ '1.0.0' ],
46 silly audit   'safe-regex-test': [ '1.1.0' ],
46 silly audit   'safer-buffer': [ '2.1.2' ],
46 silly audit   scheduler: [ '0.27.0' ],
46 silly audit   'set-function-length': [ '1.2.2' ],
46 silly audit   'set-function-name': [ '2.0.2' ],
46 silly audit   'set-proto': [ '1.0.0' ],
46 silly audit   sharp: [ '0.34.5' ],
46 silly audit   'shebang-command': [ '2.0.0' ],
46 silly audit   'shebang-regex': [ '3.0.0' ],
46 silly audit   'side-channel': [ '1.1.0' ],
46 silly audit   'side-channel-list': [ '1.0.0' ],
46 silly audit   'side-channel-map': [ '1.0.1' ],
46 silly audit   'side-channel-weakmap': [ '1.0.2' ],
46 silly audit   'source-map-js': [ '1.2.1' ],
46 silly audit   'sql-escaper': [ '1.3.3' ],
46 silly audit   sshpk: [ '1.18.0' ],
46 silly audit   'stable-hash': [ '0.0.5' ],
46 silly audit   'stealthy-require': [ '1.1.1' ],
46 silly audit   'stop-iteration-iterator': [ '1.1.0' ],
46 silly audit   'string.prototype.includes': [ '2.0.1' ],
46 silly audit   'string.prototype.matchall': [ '4.0.12' ],
46 silly audit   'string.prototype.repeat': [ '1.0.0' ],
46 silly audit   'string.prototype.trim': [ '1.2.10' ],
46 silly audit   'string.prototype.trimend': [ '1.0.9' ],
46 silly audit   'string.prototype.trimstart': [ '1.0.8' ],
46 silly audit   'strip-bom': [ '3.0.0' ],
46 silly audit   'strip-json-comments': [ '3.1.1' ],
46 silly audit   'styled-jsx': [ '5.1.6' ],
46 silly audit   'supports-color': [ '7.2.0' ],
46 silly audit   'supports-preserve-symlinks-flag': [ '1.0.0' ],
46 silly audit   tailwindcss: [ '4.2.0' ],
46 silly audit   tapable: [ '2.3.0' ],
46 silly audit   tinyexec: [ '1.0.2' ],
46 silly audit   tinyglobby: [ '0.2.15' ],
46 silly audit   fdir: [ '6.5.0' ],
46 silly audit   'to-regex-range': [ '5.0.1' ],
46 silly audit   'tough-cookie': [ '2.5.0' ],
46 silly audit   'ts-api-utils': [ '2.4.0' ],
46 silly audit   'tsconfig-paths': [ '3.15.0' ],
46 silly audit   tslib: [ '2.8.1' ],
46 silly audit   'tunnel-agent': [ '0.6.0' ],
46 silly audit   tweetnacl: [ '0.14.5' ],
46 silly audit   'type-check': [ '0.4.0' ],
46 silly audit   'typed-array-buffer': [ '1.0.3' ],
46 silly audit   'typed-array-byte-length': [ '1.0.3' ],
46 silly audit   'typed-array-byte-offset': [ '1.0.4' ],
46 silly audit   'typed-array-length': [ '1.0.7' ],
46 silly audit   typescript: [ '5.9.3' ],
46 silly audit   'typescript-eslint': [ '8.56.0' ],
46 silly audit   'unbox-primitive': [ '1.1.0' ],
46 silly audit   undici: [ '7.22.0' ],
46 silly audit   'undici-types': [ '6.21.0' ],
46 silly audit   'unrs-resolver': [ '1.11.1' ],
46 silly audit   'update-browserslist-db': [ '1.2.3' ],
46 silly audit   'uri-js': [ '4.4.1' ],
46 silly audit   uuid: [ '3.4.0' ],
46 silly audit   verror: [ '1.10.0' ],
46 silly audit   'whatwg-encoding': [ '3.1.1' ],
46 silly audit   'whatwg-mimetype': [ '4.0.0' ],
46 silly audit   which: [ '2.0.2' ],
46 silly audit   'which-boxed-primitive': [ '1.1.1' ],
46 silly audit   'which-builtin-type': [ '1.2.1' ],
46 silly audit   'which-collection': [ '1.0.2' ],
46 silly audit   'which-typed-array': [ '1.1.20' ],
46 silly audit   'word-wrap': [ '1.2.5' ],
46 silly audit   yallist: [ '3.1.1' ],
46 silly audit   'yocto-queue': [ '0.1.0' ],
46 silly audit   zod: [ '4.3.6' ],
46 silly audit   'zod-validation-error': [ '4.0.2' ],
46 silly audit   zencf: [ '2.0.3' ],
46 silly audit   'node-fetch': [ '2.7.0' ],
46 silly audit   'whatwg-url': [ '5.0.0' ],
46 silly audit   tr46: [ '0.0.3' ],
46 silly audit   'webidl-conversions': [ '3.0.1' ],
46 silly audit   '@tailwindcss/oxide-wasm32-wasi': [ '4.2.0' ]
46 silly audit }
47 verbose reify failed optional dependency C:\Users\dell\Pictures\JzRestAPI\node_modules\lightningcss-win32-arm64-msvc
48 silly reify mark deleted [
48 silly reify   'C:\\Users\\dell\\Pictures\\JzRestAPI\\node_modules\\lightningcss-win32-arm64-msvc'
48 silly reify ]
49 verbose reify failed optional dependency C:\Users\dell\Pictures\JzRestAPI\node_modules\lightningcss-linux-x64-musl
50 silly reify mark deleted [
50 silly reify   'C:\\Users\\dell\\Pictures\\JzRestAPI\\node_modules\\lightningcss-linux-x64-musl'
50 silly reify ]
51 verbose reify failed optional dependency C:\Users\dell\Pictures\JzRestAPI\node_modules\lightningcss-linux-x64-gnu
52 silly reify mark deleted [
52 silly reify   'C:\\Users\\dell\\Pictures\\JzRestAPI\\node_modules\\lightningcss-linux-x64-gnu'
52 silly reify ]
53 verbose reify failed optional dependency C:\Users\dell\Pictures\JzRestAPI\node_modules\lightningcss-linux-arm64-musl
54 silly reify mark deleted [
54 silly reify   'C:\\Users\\dell\\Pictures\\JzRestAPI\\node_modules\\lightningcss-linux-arm64-musl'
54 silly reify ]
55 verbose reify failed optional dependency C:\Users\dell\Pictures\JzRestAPI\node_modules\lightningcss-linux-arm64-gnu
56 silly reify mark deleted [
56 silly reify   'C:\\Users\\dell\\Pictures\\JzRestAPI\\node_modules\\lightningcss-linux-arm64-gnu'
56 silly reify ]
57 verbose reify failed optional dependency C:\Users\dell\Pictures\JzRestAPI\node_modules\lightningcss-linux-arm-gnueabihf
58 silly reify mark deleted [
58 silly reify   'C:\\Users\\dell\\Pictures\\JzRestAPI\\node_modules\\lightningcss-linux-arm-gnueabihf'
58 silly reify ]
59 verbose reify failed optional dependency C:\Users\dell\Pictures\JzRestAPI\node_modules\lightningcss-freebsd-x64
60 silly reify mark deleted [
60 silly reify   'C:\\Users\\dell\\Pictures\\JzRestAPI\\node_modules\\lightningcss-freebsd-x64'
60 silly reify ]
61 verbose reify failed optional dependency C:\Users\dell\Pictures\JzRestAPI\node_modules\lightningcss-darwin-x64
62 silly reify mark deleted [
62 silly reify   'C:\\Users\\dell\\Pictures\\JzRestAPI\\node_modules\\lightningcss-darwin-x64'
62 silly reify ]
63 verbose reify failed optional dependency C:\Users\dell\Pictures\JzRestAPI\node_modules\lightningcss-darwin-arm64
64 silly reify mark deleted [
64 silly reify   'C:\\Users\\dell\\Pictures\\JzRestAPI\\node_modules\\lightningcss-darwin-arm64'
64 silly reify ]
65 verbose reify failed optional dependency C:\Users\dell\Pictures\JzRestAPI\node_modules\lightningcss-android-arm64
66 silly reify mark deleted [
66 silly reify   'C:\\Users\\dell\\Pictures\\JzRestAPI\\node_modules\\lightningcss-android-arm64'
66 silly reify ]
67 verbose reify failed optional dependency C:\Users\dell\Pictures\JzRestAPI\node_modules\@unrs\resolver-binding-win32-ia32-msvc
68 silly reify mark deleted [
68 silly reify   'C:\\Users\\dell\\Pictures\\JzRestAPI\\node_modules\\@unrs\\resolver-binding-win32-ia32-msvc'
68 silly reify ]
69 verbose reify failed optional dependency C:\Users\dell\Pictures\JzRestAPI\node_modules\@unrs\resolver-binding-win32-arm64-msvc
70 silly reify mark deleted [
70 silly reify   'C:\\Users\\dell\\Pictures\\JzRestAPI\\node_modules\\@unrs\\resolver-binding-win32-arm64-msvc'
70 silly reify ]
71 verbose reify failed optional dependency C:\Users\dell\Pictures\JzRestAPI\node_modules\@unrs\resolver-binding-wasm32-wasi
72 silly reify mark deleted [
72 silly reify   'C:\\Users\\dell\\Pictures\\JzRestAPI\\node_modules\\@unrs\\resolver-binding-wasm32-wasi'
72 silly reify ]
73 verbose reify failed optional dependency C:\Users\dell\Pictures\JzRestAPI\node_modules\@unrs\resolver-binding-linux-x64-musl
74 silly reify mark deleted [
74 silly reify   'C:\\Users\\dell\\Pictures\\JzRestAPI\\node_modules\\@unrs\\resolver-binding-linux-x64-musl'
74 silly reify ]
75 verbose reify failed optional dependency C:\Users\dell\Pictures\JzRestAPI\node_modules\@unrs\resolver-binding-linux-x64-gnu
76 silly reify mark deleted [
76 silly reify   'C:\\Users\\dell\\Pictures\\JzRestAPI\\node_modules\\@unrs\\resolver-binding-linux-x64-gnu'
76 silly reify ]
77 verbose reify failed optional dependency C:\Users\dell\Pictures\JzRestAPI\node_modules\@unrs\resolver-binding-linux-s390x-gnu
78 silly reify mark deleted [
78 silly reify   'C:\\Users\\dell\\Pictures\\JzRestAPI\\node_modules\\@unrs\\resolver-binding-linux-s390x-gnu'
78 silly reify ]
79 verbose reify failed optional dependency C:\Users\dell\Pictures\JzRestAPI\node_modules\@unrs\resolver-binding-linux-riscv64-musl
80 silly reify mark deleted [
80 silly reify   'C:\\Users\\dell\\Pictures\\JzRestAPI\\node_modules\\@unrs\\resolver-binding-linux-riscv64-musl'
80 silly reify ]
81 verbose reify failed optional dependency C:\Users\dell\Pictures\JzRestAPI\node_modules\@unrs\resolver-binding-linux-riscv64-gnu
82 silly reify mark deleted [
82 silly reify   'C:\\Users\\dell\\Pictures\\JzRestAPI\\node_modules\\@unrs\\resolver-binding-linux-riscv64-gnu'
82 silly reify ]
83 verbose reify failed optional dependency C:\Users\dell\Pictures\JzRestAPI\node_modules\@unrs\resolver-binding-linux-ppc64-gnu
84 silly reify mark deleted [
84 silly reify   'C:\\Users\\dell\\Pictures\\JzRestAPI\\node_modules\\@unrs\\resolver-binding-linux-ppc64-gnu'
84 silly reify ]
85 verbose reify failed optional dependency C:\Users\dell\Pictures\JzRestAPI\node_modules\@unrs\resolver-binding-linux-arm64-musl
86 silly reify mark deleted [
86 silly reify   'C:\\Users\\dell\\Pictures\\JzRestAPI\\node_modules\\@unrs\\resolver-binding-linux-arm64-musl'
86 silly reify ]
87 verbose reify failed optional dependency C:\Users\dell\Pictures\JzRestAPI\node_modules\@unrs\resolver-binding-linux-arm64-gnu
88 silly reify mark deleted [
88 silly reify   'C:\\Users\\dell\\Pictures\\JzRestAPI\\node_modules\\@unrs\\resolver-binding-linux-arm64-gnu'
88 silly reify ]
89 verbose reify failed optional dependency C:\Users\dell\Pictures\JzRestAPI\node_modules\@unrs\resolver-binding-linux-arm-musleabihf
90 silly reify mark deleted [
90 silly reify   'C:\\Users\\dell\\Pictures\\JzRestAPI\\node_modules\\@unrs\\resolver-binding-linux-arm-musleabihf'
90 silly reify ]
91 verbose reify failed optional dependency C:\Users\dell\Pictures\JzRestAPI\node_modules\@unrs\resolver-binding-linux-arm-gnueabihf
92 silly reify mark deleted [
92 silly reify   'C:\\Users\\dell\\Pictures\\JzRestAPI\\node_modules\\@unrs\\resolver-binding-linux-arm-gnueabihf'
92 silly reify ]
93 verbose reify failed optional dependency C:\Users\dell\Pictures\JzRestAPI\node_modules\@unrs\resolver-binding-freebsd-x64
94 silly reify mark deleted [
94 silly reify   'C:\\Users\\dell\\Pictures\\JzRestAPI\\node_modules\\@unrs\\resolver-binding-freebsd-x64'
94 silly reify ]
95 verbose reify failed optional dependency C:\Users\dell\Pictures\JzRestAPI\node_modules\@unrs\resolver-binding-darwin-x64
96 silly reify mark deleted [
96 silly reify   'C:\\Users\\dell\\Pictures\\JzRestAPI\\node_modules\\@unrs\\resolver-binding-darwin-x64'
96 silly reify ]
97 verbose reify failed optional dependency C:\Users\dell\Pictures\JzRestAPI\node_modules\@unrs\resolver-binding-darwin-arm64
98 silly reify mark deleted [
98 silly reify   'C:\\Users\\dell\\Pictures\\JzRestAPI\\node_modules\\@unrs\\resolver-binding-darwin-arm64'
98 silly reify ]
99 verbose reify failed optional dependency C:\Users\dell\Pictures\JzRestAPI\node_modules\@unrs\resolver-binding-android-arm64
100 silly reify mark deleted [
100 silly reify   'C:\\Users\\dell\\Pictures\\JzRestAPI\\node_modules\\@unrs\\resolver-binding-android-arm64'
100 silly reify ]
101 verbose reify failed optional dependency C:\Users\dell\Pictures\JzRestAPI\node_modules\@unrs\resolver-binding-android-arm-eabi
102 silly reify mark deleted [
102 silly reify   'C:\\Users\\dell\\Pictures\\JzRestAPI\\node_modules\\@unrs\\resolver-binding-android-arm-eabi'
102 silly reify ]
103 verbose reify failed optional dependency C:\Users\dell\Pictures\JzRestAPI\node_modules\@tailwindcss\oxide-win32-arm64-msvc
104 silly reify mark deleted [
104 silly reify   'C:\\Users\\dell\\Pictures\\JzRestAPI\\node_modules\\@tailwindcss\\oxide-win32-arm64-msvc'
104 silly reify ]
105 verbose reify failed optional dependency C:\Users\dell\Pictures\JzRestAPI\node_modules\@tailwindcss\oxide-linux-x64-musl
106 silly reify mark deleted [
106 silly reify   'C:\\Users\\dell\\Pictures\\JzRestAPI\\node_modules\\@tailwindcss\\oxide-linux-x64-musl'
106 silly reify ]
107 verbose reify failed optional dependency C:\Users\dell\Pictures\JzRestAPI\node_modules\@tailwindcss\oxide-linux-x64-gnu
108 silly reify mark deleted [
108 silly reify   'C:\\Users\\dell\\Pictures\\JzRestAPI\\node_modules\\@tailwindcss\\oxide-linux-x64-gnu'
108 silly reify ]
109 verbose reify failed optional dependency C:\Users\dell\Pictures\JzRestAPI\node_modules\@tailwindcss\oxide-linux-arm64-musl
110 silly reify mark deleted [
110 silly reify   'C:\\Users\\dell\\Pictures\\JzRestAPI\\node_modules\\@tailwindcss\\oxide-linux-arm64-musl'
110 silly reify ]
111 verbose reify failed optional dependency C:\Users\dell\Pictures\JzRestAPI\node_modules\@tailwindcss\oxide-linux-arm64-gnu
112 silly reify mark deleted [
112 silly reify   'C:\\Users\\dell\\Pictures\\JzRestAPI\\node_modules\\@tailwindcss\\oxide-linux-arm64-gnu'
112 silly reify ]
113 verbose reify failed optional dependency C:\Users\dell\Pictures\JzRestAPI\node_modules\@tailwindcss\oxide-linux-arm-gnueabihf
114 silly reify mark deleted [
114 silly reify   'C:\\Users\\dell\\Pictures\\JzRestAPI\\node_modules\\@tailwindcss\\oxide-linux-arm-gnueabihf'
114 silly reify ]
115 verbose reify failed optional dependency C:\Users\dell\Pictures\JzRestAPI\node_modules\@tailwindcss\oxide-freebsd-x64
116 silly reify mark deleted [
116 silly reify   'C:\\Users\\dell\\Pictures\\JzRestAPI\\node_modules\\@tailwindcss\\oxide-freebsd-x64'
116 silly reify ]
117 verbose reify failed optional dependency C:\Users\dell\Pictures\JzRestAPI\node_modules\@tailwindcss\oxide-darwin-x64
118 silly reify mark deleted [
118 silly reify   'C:\\Users\\dell\\Pictures\\JzRestAPI\\node_modules\\@tailwindcss\\oxide-darwin-x64'
118 silly reify ]
119 verbose reify failed optional dependency C:\Users\dell\Pictures\JzRestAPI\node_modules\@tailwindcss\oxide-darwin-arm64
120 silly reify mark deleted [
120 silly reify   'C:\\Users\\dell\\Pictures\\JzRestAPI\\node_modules\\@tailwindcss\\oxide-darwin-arm64'
120 silly reify ]
121 verbose reify failed optional dependency C:\Users\dell\Pictures\JzRestAPI\node_modules\@tailwindcss\oxide-android-arm64
122 silly reify mark deleted [
122 silly reify   'C:\\Users\\dell\\Pictures\\JzRestAPI\\node_modules\\@tailwindcss\\oxide-android-arm64'
122 silly reify ]
123 verbose reify failed optional dependency C:\Users\dell\Pictures\JzRestAPI\node_modules\@next\swc-win32-arm64-msvc
124 silly reify mark deleted [
124 silly reify   'C:\\Users\\dell\\Pictures\\JzRestAPI\\node_modules\\@next\\swc-win32-arm64-msvc'
124 silly reify ]
125 verbose reify failed optional dependency C:\Users\dell\Pictures\JzRestAPI\node_modules\@next\swc-linux-x64-musl
126 silly reify mark deleted [
126 silly reify   'C:\\Users\\dell\\Pictures\\JzRestAPI\\node_modules\\@next\\swc-linux-x64-musl'
126 silly reify ]
127 verbose reify failed optional dependency C:\Users\dell\Pictures\JzRestAPI\node_modules\@next\swc-linux-x64-gnu
128 silly reify mark deleted [
128 silly reify   'C:\\Users\\dell\\Pictures\\JzRestAPI\\node_modules\\@next\\swc-linux-x64-gnu'
128 silly reify ]
129 verbose reify failed optional dependency C:\Users\dell\Pictures\JzRestAPI\node_modules\@next\swc-linux-arm64-musl
130 silly reify mark deleted [
130 silly reify   'C:\\Users\\dell\\Pictures\\JzRestAPI\\node_modules\\@next\\swc-linux-arm64-musl'
130 silly reify ]
131 verbose reify failed optional dependency C:\Users\dell\Pictures\JzRestAPI\node_modules\@next\swc-linux-arm64-gnu
132 silly reify mark deleted [
132 silly reify   'C:\\Users\\dell\\Pictures\\JzRestAPI\\node_modules\\@next\\swc-linux-arm64-gnu'
132 silly reify ]
133 verbose reify failed optional dependency C:\Users\dell\Pictures\JzRestAPI\node_modules\@next\swc-darwin-x64
134 silly reify mark deleted [
134 silly reify   'C:\\Users\\dell\\Pictures\\JzRestAPI\\node_modules\\@next\\swc-darwin-x64'
134 silly reify ]
135 verbose reify failed optional dependency C:\Users\dell\Pictures\JzRestAPI\node_modules\@next\swc-darwin-arm64
136 silly reify mark deleted [
136 silly reify   'C:\\Users\\dell\\Pictures\\JzRestAPI\\node_modules\\@next\\swc-darwin-arm64'
136 silly reify ]
137 verbose reify failed optional dependency C:\Users\dell\Pictures\JzRestAPI\node_modules\@img\sharp-win32-ia32
138 silly reify mark deleted [
138 silly reify   'C:\\Users\\dell\\Pictures\\JzRestAPI\\node_modules\\@img\\sharp-win32-ia32'
138 silly reify ]
139 verbose reify failed optional dependency C:\Users\dell\Pictures\JzRestAPI\node_modules\@img\sharp-win32-arm64
140 silly reify mark deleted [
140 silly reify   'C:\\Users\\dell\\Pictures\\JzRestAPI\\node_modules\\@img\\sharp-win32-arm64'
140 silly reify ]
141 verbose reify failed optional dependency C:\Users\dell\Pictures\JzRestAPI\node_modules\@img\sharp-wasm32
142 silly reify mark deleted [
142 silly reify   'C:\\Users\\dell\\Pictures\\JzRestAPI\\node_modules\\@img\\sharp-wasm32'
142 silly reify ]
143 verbose reify failed optional dependency C:\Users\dell\Pictures\JzRestAPI\node_modules\@img\sharp-linuxmusl-x64
144 silly reify mark deleted [
144 silly reify   'C:\\Users\\dell\\Pictures\\JzRestAPI\\node_modules\\@img\\sharp-linuxmusl-x64'
144 silly reify ]
145 verbose reify failed optional dependency C:\Users\dell\Pictures\JzRestAPI\node_modules\@img\sharp-linuxmusl-arm64
146 silly reify mark deleted [
146 silly reify   'C:\\Users\\dell\\Pictures\\JzRestAPI\\node_modules\\@img\\sharp-linuxmusl-arm64'
146 silly reify ]
147 verbose reify failed optional dependency C:\Users\dell\Pictures\JzRestAPI\node_modules\@img\sharp-linux-x64
148 silly reify mark deleted [
148 silly reify   'C:\\Users\\dell\\Pictures\\JzRestAPI\\node_modules\\@img\\sharp-linux-x64'
148 silly reify ]
149 verbose reify failed optional dependency C:\Users\dell\Pictures\JzRestAPI\node_modules\@img\sharp-linux-s390x
150 silly reify mark deleted [
150 silly reify   'C:\\Users\\dell\\Pictures\\JzRestAPI\\node_modules\\@img\\sharp-linux-s390x'
150 silly reify ]
151 verbose reify failed optional dependency C:\Users\dell\Pictures\JzRestAPI\node_modules\@img\sharp-linux-riscv64
152 silly reify mark deleted [
152 silly reify   'C:\\Users\\dell\\Pictures\\JzRestAPI\\node_modules\\@img\\sharp-linux-riscv64'
152 silly reify ]
153 verbose reify failed optional dependency C:\Users\dell\Pictures\JzRestAPI\node_modules\@img\sharp-linux-ppc64
154 silly reify mark deleted [
154 silly reify   'C:\\Users\\dell\\Pictures\\JzRestAPI\\node_modules\\@img\\sharp-linux-ppc64'
154 silly reify ]
155 verbose reify failed optional dependency C:\Users\dell\Pictures\JzRestAPI\node_modules\@img\sharp-linux-arm64
156 silly reify mark deleted [
156 silly reify   'C:\\Users\\dell\\Pictures\\JzRestAPI\\node_modules\\@img\\sharp-linux-arm64'
156 silly reify ]
157 verbose reify failed optional dependency C:\Users\dell\Pictures\JzRestAPI\node_modules\@img\sharp-linux-arm
158 silly reify mark deleted [
158 silly reify   'C:\\Users\\dell\\Pictures\\JzRestAPI\\node_modules\\@img\\sharp-linux-arm'
158 silly reify ]
159 verbose reify failed optional dependency C:\Users\dell\Pictures\JzRestAPI\node_modules\@img\sharp-libvips-linuxmusl-x64
160 silly reify mark deleted [
160 silly reify   'C:\\Users\\dell\\Pictures\\JzRestAPI\\node_modules\\@img\\sharp-libvips-linuxmusl-x64'
160 silly reify ]
161 verbose reify failed optional dependency C:\Users\dell\Pictures\JzRestAPI\node_modules\@img\sharp-libvips-linuxmusl-arm64
162 silly reify mark deleted [
162 silly reify   'C:\\Users\\dell\\Pictures\\JzRestAPI\\node_modules\\@img\\sharp-libvips-linuxmusl-arm64'
162 silly reify ]
163 verbose reify failed optional dependency C:\Users\dell\Pictures\JzRestAPI\node_modules\@img\sharp-libvips-linux-x64
164 silly reify mark deleted [
164 silly reify   'C:\\Users\\dell\\Pictures\\JzRestAPI\\node_modules\\@img\\sharp-libvips-linux-x64'
164 silly reify ]
165 verbose reify failed optional dependency C:\Users\dell\Pictures\JzRestAPI\node_modules\@img\sharp-libvips-linux-s390x
166 silly reify mark deleted [
166 silly reify   'C:\\Users\\dell\\Pictures\\JzRestAPI\\node_modules\\@img\\sharp-libvips-linux-s390x'
166 silly reify ]
167 verbose reify failed optional dependency C:\Users\dell\Pictures\JzRestAPI\node_modules\@img\sharp-libvips-linux-riscv64
168 silly reify mark deleted [
168 silly reify   'C:\\Users\\dell\\Pictures\\JzRestAPI\\node_modules\\@img\\sharp-libvips-linux-riscv64'
168 silly reify ]
169 verbose reify failed optional dependency C:\Users\dell\Pictures\JzRestAPI\node_modules\@img\sharp-libvips-linux-ppc64
170 silly reify mark deleted [
170 silly reify   'C:\\Users\\dell\\Pictures\\JzRestAPI\\node_modules\\@img\\sharp-libvips-linux-ppc64'
170 silly reify ]
171 verbose reify failed optional dependency C:\Users\dell\Pictures\JzRestAPI\node_modules\@img\sharp-libvips-linux-arm64
172 silly reify mark deleted [
172 silly reify   'C:\\Users\\dell\\Pictures\\JzRestAPI\\node_modules\\@img\\sharp-libvips-linux-arm64'
172 silly reify ]
173 verbose reify failed optional dependency C:\Users\dell\Pictures\JzRestAPI\node_modules\@img\sharp-libvips-linux-arm
174 silly reify mark deleted [
174 silly reify   'C:\\Users\\dell\\Pictures\\JzRestAPI\\node_modules\\@img\\sharp-libvips-linux-arm'
174 silly reify ]
175 verbose reify failed optional dependency C:\Users\dell\Pictures\JzRestAPI\node_modules\@img\sharp-libvips-darwin-x64
176 silly reify mark deleted [
176 silly reify   'C:\\Users\\dell\\Pictures\\JzRestAPI\\node_modules\\@img\\sharp-libvips-darwin-x64'
176 silly reify ]
177 verbose reify failed optional dependency C:\Users\dell\Pictures\JzRestAPI\node_modules\@img\sharp-libvips-darwin-arm64
178 silly reify mark deleted [
178 silly reify   'C:\\Users\\dell\\Pictures\\JzRestAPI\\node_modules\\@img\\sharp-libvips-darwin-arm64'
178 silly reify ]
179 verbose reify failed optional dependency C:\Users\dell\Pictures\JzRestAPI\node_modules\@img\sharp-darwin-x64
180 silly reify mark deleted [
180 silly reify   'C:\\Users\\dell\\Pictures\\JzRestAPI\\node_modules\\@img\\sharp-darwin-x64'
180 silly reify ]
181 verbose reify failed optional dependency C:\Users\dell\Pictures\JzRestAPI\node_modules\@img\sharp-darwin-arm64
182 silly reify mark deleted [
182 silly reify   'C:\\Users\\dell\\Pictures\\JzRestAPI\\node_modules\\@img\\sharp-darwin-arm64'
182 silly reify ]
183 http cache webidl-conversions@https://registry.npmjs.org/webidl-conversions/-/webidl-conversions-3.0.1.tgz 0ms (cache hit)
184 http cache tr46@https://registry.npmjs.org/tr46/-/tr46-0.0.3.tgz 0ms (cache hit)
185 http cache whatwg-url@https://registry.npmjs.org/whatwg-url/-/whatwg-url-5.0.0.tgz 0ms (cache hit)
186 http cache node-fetch@https://registry.npmjs.org/node-fetch/-/node-fetch-2.7.0.tgz 0ms (cache hit)
187 http cache zencf@https://registry.npmjs.org/zencf/-/zencf-2.0.3.tgz 0ms (cache hit)
188 silly tarball no local data for webidl-conversions@https://registry.npmjs.org/webidl-conversions/-/webidl-conversions-3.0.1.tgz. Extracting by manifest.
189 silly tarball no local data for tr46@https://registry.npmjs.org/tr46/-/tr46-0.0.3.tgz. Extracting by manifest.
190 silly tarball no local data for whatwg-url@https://registry.npmjs.org/whatwg-url/-/whatwg-url-5.0.0.tgz. Extracting by manifest.
191 silly tarball no local data for node-fetch@https://registry.npmjs.org/node-fetch/-/node-fetch-2.7.0.tgz. Extracting by manifest.
192 silly tarball no local data for zencf@https://registry.npmjs.org/zencf/-/zencf-2.0.3.tgz. Extracting by manifest.
193 http fetch POST 200 https://registry.npmjs.org/-/npm/v1/security/advisories/bulk 681ms
194 silly audit report {
194 silly audit report   minimatch: [
194 silly audit report     {
194 silly audit report       id: 1113371,
194 silly audit report       url: 'https://github.com/advisories/GHSA-3ppc-4f35-3m26',
194 silly audit report       title: 'minimatch has a ReDoS via repeated wildcards with non-matching literal in pattern',
194 silly audit report       severity: 'high',
194 silly audit report       vulnerable_versions: '<10.2.1',
194 silly audit report       cwe: [Array],
194 silly audit report       cvss: [Object]
194 silly audit report     }
194 silly audit report   ],
194 silly audit report   'form-data': [
194 silly audit report     {
194 silly audit report       id: 1109540,
194 silly audit report       url: 'https://github.com/advisories/GHSA-fjxv-7rqg-78g4',
194 silly audit report       title: 'form-data uses unsafe random function in form-data for choosing boundary',
194 silly audit report       severity: 'critical',
194 silly audit report       vulnerable_versions: '<2.5.4',
194 silly audit report       cwe: [Array],
194 silly audit report       cvss: [Object]
194 silly audit report     }
194 silly audit report   ],
194 silly audit report   qs: [
194 silly audit report     {
194 silly audit report       id: 1113132,
194 silly audit report       url: 'https://github.com/advisories/GHSA-6rw7-vpxm-498p',
194 silly audit report       title: "qs's arrayLimit bypass in its bracket notation allows DoS via memory exhaustion",
194 silly audit report       severity: 'high',
194 silly audit report       vulnerable_versions: '<6.14.1',
194 silly audit report       cwe: [Array],
194 silly audit report       cvss: [Object]
194 silly audit report     }
194 silly audit report   ],
194 silly audit report   request: [
194 silly audit report     {
194 silly audit report       id: 1096727,
194 silly audit report       url: 'https://github.com/advisories/GHSA-p8p7-x288-28g6',
194 silly audit report       title: 'Server-Side Request Forgery in Request',
194 silly audit report       severity: 'moderate',
194 silly audit report       vulnerable_versions: '<=2.88.2',
194 silly audit report       cwe: [Array],
194 silly audit report       cvss: [Object]
194 silly audit report     }
194 silly audit report   ],
194 silly audit report   'tough-cookie': [
194 silly audit report     {
194 silly audit report       id: 1097682,
194 silly audit report       url: 'https://github.com/advisories/GHSA-72xf-g2v4-qvf3',
194 silly audit report       title: 'tough-cookie Prototype Pollution vulnerability',
194 silly audit report       severity: 'moderate',
194 silly audit report       vulnerable_versions: '<4.1.3',
194 silly audit report       cwe: [Array],
194 silly audit report       cvss: [Object]
194 silly audit report     }
194 silly audit report   ]
194 silly audit report }
195 silly packumentCache corgi:https://registry.npmjs.org/minimatch cache-miss
196 silly packumentCache corgi:https://registry.npmjs.org/form-data cache-miss
197 silly packumentCache corgi:https://registry.npmjs.org/qs cache-miss
198 silly packumentCache corgi:https://registry.npmjs.org/request cache-miss
199 silly packumentCache corgi:https://registry.npmjs.org/tough-cookie cache-miss
200 http fetch GET 200 https://registry.npmjs.org/webidl-conversions/-/webidl-conversions-3.0.1.tgz 2280ms (cache miss)
201 http fetch GET 200 https://registry.npmjs.org/zencf/-/zencf-2.0.3.tgz 2773ms (cache miss)
202 http fetch GET 200 https://registry.npmjs.org/minimatch 2943ms (cache miss)
203 silly packumentCache corgi:https://registry.npmjs.org/minimatch set size:undefined disposed:false
204 http fetch GET 200 https://registry.npmjs.org/form-data 3013ms (cache miss)
205 silly packumentCache corgi:https://registry.npmjs.org/form-data set size:undefined disposed:false
206 http fetch GET 200 https://registry.npmjs.org/tough-cookie 3026ms (cache miss)
207 silly packumentCache corgi:https://registry.npmjs.org/tough-cookie set size:undefined disposed:false
208 http fetch GET 200 https://registry.npmjs.org/whatwg-url/-/whatwg-url-5.0.0.tgz 3643ms (cache miss)
209 http fetch GET 200 https://registry.npmjs.org/request 3134ms (cache miss)
210 silly packumentCache corgi:https://registry.npmjs.org/request set size:undefined disposed:false
211 http fetch GET 200 https://registry.npmjs.org/qs 3219ms (cache miss)
212 silly packumentCache corgi:https://registry.npmjs.org/qs set size:undefined disposed:false
213 http fetch GET 200 https://registry.npmjs.org/node-fetch/-/node-fetch-2.7.0.tgz 3936ms (cache miss)
214 http fetch GET 200 https://registry.npmjs.org/tr46/-/tr46-0.0.3.tgz 3967ms (cache miss)
215 silly packumentCache corgi:https://registry.npmjs.org/@typescript-eslint%2ftypescript-estree cache-miss
216 silly packumentCache corgi:https://registry.npmjs.org/@eslint%2fconfig-array cache-miss
217 silly packumentCache corgi:https://registry.npmjs.org/@eslint%2feslintrc cache-miss
218 silly packumentCache corgi:https://registry.npmjs.org/eslint cache-miss
219 silly packumentCache corgi:https://registry.npmjs.org/eslint-plugin-import cache-miss
220 silly packumentCache corgi:https://registry.npmjs.org/eslint-plugin-jsx-a11y cache-miss
221 silly packumentCache corgi:https://registry.npmjs.org/eslint-plugin-react cache-miss
222 http fetch GET 200 https://registry.npmjs.org/@eslint%2fconfig-array 7748ms (cache miss)
223 silly packumentCache corgi:https://registry.npmjs.org/@eslint%2fconfig-array set size:undefined disposed:false
224 http fetch GET 200 https://registry.npmjs.org/@eslint%2feslintrc 7906ms (cache miss)
225 silly packumentCache corgi:https://registry.npmjs.org/@eslint%2feslintrc set size:undefined disposed:false
226 http fetch GET 200 https://registry.npmjs.org/eslint-plugin-jsx-a11y 7960ms (cache miss)
227 silly packumentCache corgi:https://registry.npmjs.org/eslint-plugin-jsx-a11y set size:undefined disposed:false
228 http fetch GET 200 https://registry.npmjs.org/eslint-plugin-import 8107ms (cache miss)
229 silly packumentCache corgi:https://registry.npmjs.org/eslint-plugin-import set size:undefined disposed:false
230 http fetch GET 200 https://registry.npmjs.org/eslint-plugin-react 8336ms (cache miss)
231 silly packumentCache corgi:https://registry.npmjs.org/eslint-plugin-react set size:undefined disposed:false
232 http fetch GET 200 https://registry.npmjs.org/eslint 9060ms (cache miss)
233 silly packumentCache corgi:https://registry.npmjs.org/eslint set size:undefined disposed:false
234 http fetch GET 200 https://registry.npmjs.org/@typescript-eslint%2ftypescript-estree 11691ms (cache miss)
235 silly packumentCache corgi:https://registry.npmjs.org/@typescript-eslint%2ftypescript-estree set size:undefined disposed:false
236 silly packumentCache corgi:https://registry.npmjs.org/cloudscraper cache-miss
237 silly packumentCache corgi:https://registry.npmjs.org/request-promise cache-miss
238 silly packumentCache corgi:https://registry.npmjs.org/request-promise-core cache-miss
239 http fetch GET 200 https://registry.npmjs.org/request-promise-core 806ms (cache miss)
240 silly packumentCache corgi:https://registry.npmjs.org/request-promise-core set size:undefined disposed:false
241 http fetch GET 200 https://registry.npmjs.org/request-promise 891ms (cache miss)
242 silly packumentCache corgi:https://registry.npmjs.org/request-promise set size:undefined disposed:false
243 http fetch GET 200 https://registry.npmjs.org/cloudscraper 1055ms (cache miss)
244 silly packumentCache corgi:https://registry.npmjs.org/cloudscraper set size:undefined disposed:false
245 silly packumentCache corgi:https://registry.npmjs.org/eslint-config-next cache-miss
246 http fetch GET 200 https://registry.npmjs.org/eslint-config-next 2042ms (cache miss)
247 silly packumentCache corgi:https://registry.npmjs.org/eslint-config-next set size:undefined disposed:false
248 silly packumentCache corgi:https://registry.npmjs.org/eslint-import-resolver-typescript cache-miss
249 http fetch GET 200 https://registry.npmjs.org/eslint-import-resolver-typescript 2804ms (cache miss)
250 silly packumentCache corgi:https://registry.npmjs.org/eslint-import-resolver-typescript set size:undefined disposed:false
251 silly packumentCache corgi:https://registry.npmjs.org/@eslint-community%2feslint-utils cache-miss
252 silly packumentCache corgi:https://registry.npmjs.org/@typescript-eslint%2feslint-plugin cache-miss
253 silly packumentCache corgi:https://registry.npmjs.org/@typescript-eslint%2fparser cache-miss
254 silly packumentCache corgi:https://registry.npmjs.org/@typescript-eslint%2ftype-utils cache-miss
255 silly packumentCache corgi:https://registry.npmjs.org/@typescript-eslint%2futils cache-miss
256 silly packumentCache corgi:https://registry.npmjs.org/eslint-plugin-react-hooks cache-miss
257 silly packumentCache corgi:https://registry.npmjs.org/typescript-eslint cache-miss
258 http fetch GET 200 https://registry.npmjs.org/@eslint-community%2feslint-utils 2521ms (cache miss)
259 silly packumentCache corgi:https://registry.npmjs.org/@eslint-community%2feslint-utils set size:undefined disposed:false
260 http fetch GET 200 https://registry.npmjs.org/typescript-eslint 3927ms (cache miss)
261 silly packumentCache corgi:https://registry.npmjs.org/typescript-eslint set size:undefined disposed:false
262 http fetch GET 200 https://registry.npmjs.org/@typescript-eslint%2ftype-utils 7755ms (cache miss)
263 silly packumentCache corgi:https://registry.npmjs.org/@typescript-eslint%2ftype-utils set size:undefined disposed:false
264 http fetch GET 200 https://registry.npmjs.org/eslint-plugin-react-hooks 9945ms (cache miss)
265 silly packumentCache corgi:https://registry.npmjs.org/eslint-plugin-react-hooks set size:undefined disposed:false
266 http fetch GET 200 https://registry.npmjs.org/@typescript-eslint%2futils 12123ms (cache miss)
267 silly packumentCache corgi:https://registry.npmjs.org/@typescript-eslint%2futils set size:undefined disposed:false
268 http fetch GET 200 https://registry.npmjs.org/@typescript-eslint%2fparser 16561ms (cache miss)
269 silly packumentCache corgi:https://registry.npmjs.org/@typescript-eslint%2fparser set size:undefined disposed:false
270 http fetch GET 200 https://registry.npmjs.org/@typescript-eslint%2feslint-plugin 19415ms (cache miss)
271 silly packumentCache corgi:https://registry.npmjs.org/@typescript-eslint%2feslint-plugin set size:undefined disposed:false
